<?xml version="1.0" encoding="UTF-8"?>
<testng-results ignored="0" total="2" passed="2" failed="0" skipped="0">
  <reporter-output>
  </reporter-output>
  <suite started-at="2022-01-28T11:07:12 IST" name="Suite1" finished-at="2022-01-28T11:07:36 IST" duration-ms="24281">
    <groups>
    </groups>
    <test started-at="2022-01-28T11:07:12 IST" name="Smoke" finished-at="2022-01-28T11:07:36 IST" duration-ms="24281">
      <class name="com.magnus.smokeTests.DemoQaHomePageTestsPageFactory">
        <test-method signature="PageFactoryTest1()[pri:0, instance:com.magnus.smokeTests.DemoQaHomePageTestsPageFactory@71def8f8]" started-at="2022-01-28T11:07:26 IST" name="PageFactoryTest1" finished-at="2022-01-28T11:07:36 IST" duration-ms="9667" status="PASS">
          <reporter-output>
          </reporter-output>
        </test-method> <!-- PageFactoryTest1 -->
      </class> <!-- com.magnus.smokeTests.DemoQaHomePageTestsPageFactory -->
      <class name="com.magnus.smokeTests.DemoQaHomePageTests">
        <test-method signature="homePateTestCase1()[pri:0, instance:com.magnus.smokeTests.DemoQaHomePageTests@49c7b90e]" started-at="2022-01-28T11:07:12 IST" name="homePateTestCase1" finished-at="2022-01-28T11:07:26 IST" duration-ms="14555" status="PASS">
          <reporter-output>
          </reporter-output>
        </test-method> <!-- homePateTestCase1 -->
      </class> <!-- com.magnus.smokeTests.DemoQaHomePageTests -->
    </test> <!-- Smoke -->
  </suite> <!-- Suite1 -->
</testng-results>
